U:/Donnees/SVN_COMPILE/Cb/Gcc810seh/316/Extensions/sdk2180/Collector/Wx/1.6.0/cpp_test/classwizarddlg.cpp:58: warning: documented symbol `ClassWizardDlg::ClassWizardDlg' was not declared or defined.
U:/Donnees/SVN_COMPILE/Cb/Gcc810seh/316/Extensions/sdk2180/Collector/Wx/1.6.0/cpp_test/classwizarddlg.cpp:91: warning: documented symbol `ClassWizardDlg::~ClassWizardDlg' was not declared or defined.
U:/Donnees/SVN_COMPILE/Cb/Gcc810seh/316/Extensions/sdk2180/Collector/Wx/1.6.0/cpp_test/classwizarddlg.cpp:107: warning: no matching class member found for 
  void ClassWizardDlg::OnUpdateUI(wxUpdateUIEvent &)

U:/Donnees/SVN_COMPILE/Cb/Gcc810seh/316/Extensions/sdk2180/Collector/Wx/1.6.0/cpp_test/classwizarddlg.cpp:136: warning: documented symbol `void ClassWizardDlg::OnNameChange' was not declared or defined.
U:/Donnees/SVN_COMPILE/Cb/Gcc810seh/316/Extensions/sdk2180/Collector/Wx/1.6.0/cpp_test/classwizarddlg.cpp:142: warning: documented symbol `void ClassWizardDlg::OnAncestorChange' was not declared or defined.
U:/Donnees/SVN_COMPILE/Cb/Gcc810seh/316/Extensions/sdk2180/Collector/Wx/1.6.0/cpp_test/classwizarddlg.cpp:156: warning: documented symbol `void ClassWizardDlg::OnAddMemberVar' was not declared or defined.
U:/Donnees/SVN_COMPILE/Cb/Gcc810seh/316/Extensions/sdk2180/Collector/Wx/1.6.0/cpp_test/classwizarddlg.cpp:211: warning: documented symbol `void ClassWizardDlg::OnRemoveMemberVar' was not declared or defined.
U:/Donnees/SVN_COMPILE/Cb/Gcc810seh/316/Extensions/sdk2180/Collector/Wx/1.6.0/cpp_test/classwizarddlg.cpp:242: warning: documented symbol `void ClassWizardDlg::OnCommonDirClick' was not declared or defined.
U:/Donnees/SVN_COMPILE/Cb/Gcc810seh/316/Extensions/sdk2180/Collector/Wx/1.6.0/cpp_test/classwizarddlg.cpp:254: warning: documented symbol `void ClassWizardDlg::OnAddPathToProjectClick' was not declared or defined.
U:/Donnees/SVN_COMPILE/Cb/Gcc810seh/316/Extensions/sdk2180/Collector/Wx/1.6.0/cpp_test/classwizarddlg.cpp:259: warning: documented symbol `void ClassWizardDlg::OnLowerCaseClick' was not declared or defined.
U:/Donnees/SVN_COMPILE/Cb/Gcc810seh/316/Extensions/sdk2180/Collector/Wx/1.6.0/cpp_test/classwizarddlg.cpp:264: warning: documented symbol `void ClassWizardDlg::OnIncludeDirClick' was not declared or defined.
U:/Donnees/SVN_COMPILE/Cb/Gcc810seh/316/Extensions/sdk2180/Collector/Wx/1.6.0/cpp_test/classwizarddlg.cpp:276: warning: documented symbol `void ClassWizardDlg::OnImplDirClick' was not declared or defined.
U:/Donnees/SVN_COMPILE/Cb/Gcc810seh/316/Extensions/sdk2180/Collector/Wx/1.6.0/cpp_test/classwizarddlg.cpp:288: warning: documented symbol `void ClassWizardDlg::OnHeaderChange' was not declared or defined.
U:/Donnees/SVN_COMPILE/Cb/Gcc810seh/316/Extensions/sdk2180/Collector/Wx/1.6.0/cpp_test/classwizarddlg.cpp:294: warning: documented symbol `void ClassWizardDlg::OnOKClick' was not declared or defined.
U:/Donnees/SVN_COMPILE/Cb/Gcc810seh/316/Extensions/sdk2180/Collector/Wx/1.6.0/cpp_test/classwizarddlg.cpp:390: warning: documented symbol `void ClassWizardDlg::OnCancelClick' was not declared or defined.
U:/Donnees/SVN_COMPILE/Cb/Gcc810seh/316/Extensions/sdk2180/Collector/Wx/1.6.0/cpp_test/classwizarddlg.cpp:399: warning: documented symbol `bool ClassWizardDlg::DoHeader' was not declared or defined.
U:/Donnees/SVN_COMPILE/Cb/Gcc810seh/316/Extensions/sdk2180/Collector/Wx/1.6.0/cpp_test/classwizarddlg.cpp:637: warning: documented symbol `bool ClassWizardDlg::DoImpl' was not declared or defined.
U:/Donnees/SVN_COMPILE/Cb/Gcc810seh/316/Extensions/sdk2180/Collector/Wx/1.6.0/cpp_test/classwizarddlg.cpp:728: warning: documented symbol `void ClassWizardDlg::DoGuardBlock' was not declared or defined.
U:/Donnees/SVN_COMPILE/Cb/Gcc810seh/316/Extensions/sdk2180/Collector/Wx/1.6.0/cpp_test/classwizarddlg.cpp:742: warning: documented symbol `void ClassWizardDlg::DoFileNames' was not declared or defined.
U:/Donnees/SVN_COMPILE/Cb/Gcc810seh/316/Extensions/sdk2180/Collector/Wx/1.6.0/cpp_test/classwizarddlg.cpp:760: warning: documented symbol `void ClassWizardDlg::DoForceDirectory' was not declared or defined.
U:/Donnees/SVN_COMPILE/Cb/Gcc810seh/316/Extensions/sdk2180/Collector/Wx/1.6.0/cpp_test/classwizarddlg.cpp:772: warning: documented symbol `wxString ClassWizardDlg::DoMemVarRepr' was not declared or defined.
U:/Donnees/SVN_COMPILE/Cb/Gcc810seh/316/Extensions/sdk2180/Collector/Wx/1.6.0/cpp_test/classwizarddlg.cpp:793: warning: documented symbol `wxString ClassWizardDlg::GetIncludeDir' was not declared or defined.
U:/Donnees/SVN_COMPILE/Cb/Gcc810seh/316/Extensions/sdk2180/Collector/Wx/1.6.0/src/collector.h:151: warning: argument '_parent' of command @param is not found in the argument list of Collector::BuildMenu(wxMenuBar *_pMenuBar)
U:/Donnees/SVN_COMPILE/Cb/Gcc810seh/316/Extensions/sdk2180/Collector/Wx/1.6.0/src/collector.h:151: warning: argument '_parent' of command @param is not found in the argument list of Collector::BuildMenu(wxMenuBar *_pMenuBar)
U:/Donnees/SVN_COMPILE/Cb/Gcc810seh/316/Extensions/sdk2180/Collector/Wx/1.6.0/src/collector.h:151: warning: argument '_project' of command @param is not found in the argument list of Collector::BuildMenu(wxMenuBar *_pMenuBar)
U:/Donnees/SVN_COMPILE/Cb/Gcc810seh/316/Extensions/sdk2180/Collector/Wx/1.6.0/src/collector.h:180: warning: argument '_type' of command @param is not found in the argument list of Collector::BuildToolBar(wxToolBar *_pToolBar)
U:/Donnees/SVN_COMPILE/Cb/Gcc810seh/316/Extensions/sdk2180/Collector/Wx/1.6.0/src/collector.h:180: warning: argument '_menu' of command @param is not found in the argument list of Collector::BuildToolBar(wxToolBar *_pToolBar)
U:/Donnees/SVN_COMPILE/Cb/Gcc810seh/316/Extensions/sdk2180/Collector/Wx/1.6.0/src/collector.h:180: warning: argument '_data' of command @param is not found in the argument list of Collector::BuildToolBar(wxToolBar *_pToolBar)
